Arguments: 
  C:\nodejs\node.exe C:\nodejs\node_modules\yarn\bin\yarn.js build

PATH: 
  C:\Program Files\Git\mingw64\bin;C:\Program Files\Git\usr\bin;C:\Users\Lenovo\bin;C:\WINDOWS\system32;C:\WINDOWS;C:\WINDOWS\System32\Wbem;C:\WINDOWS\System32\WindowsPowerShell\v1.0;C:\WINDOWS\System32\OpenSSH;C:\Users\Lenovo\AppData\Local\Google\Chrome\Application;C:\Program Files (x86)\Common Files\Thunder Network\KanKan\Codecs;C:\Program Files\Git\cmd;C:\nvm;C:\nodejs;C:\Program Files\MongoDB\Server\5.0\bin;C:\Users\Lenovo\AppData\Local\Microsoft\WindowsApps;C:\Program Files\Bandizip;C:\Fiddler;C:\Users\Lenovo\AppData\Local\GitHubDesktop\bin;C:\Users\Lenovo\AppData\Local\Programs\Microsoft VS Code\bin;C:\nvm;C:\nodejs

Yarn version: 
  1.22.17

Node version: 
  16.14.0

Platform: 
  win32 x64

Trace: 
  SyntaxError: C:\Users\Lenovo\Desktop\workspace\library\react-library\develop-react-library-demo-rollup\package.json: Unexpected token } in JSON at position 805
      at JSON.parse (<anonymous>)
      at C:\nvm\v16.14.0\node_modules\yarn\lib\cli.js:1625:59
      at Generator.next (<anonymous>)
      at step (C:\nvm\v16.14.0\node_modules\yarn\lib\cli.js:310:30)
      at C:\nvm\v16.14.0\node_modules\yarn\lib\cli.js:321:13

npm manifest: 
  {
    "name": "develop-react-library-demo-rollup",
    "version": "1.0.0",
    "description": "",
    "main": "./dist/index.js",
    "types": "./dist/index.d.js",
    "scripts": {
      "build": "rm -rf ./dist && rollup --config"
    },
    "keywords": [],
    "author": "",
    "license": "ISC",
    "devDependencies": {
      "@babel/core": "^7.17.8",
      "@babel/preset-env": "^7.16.11",
      "@rollup/plugin-commonjs": "^21.0.2",
      "@rollup/plugin-node-resolve": "^13.1.3",
      "@types/react": "^17.0.43",
      "react": "^17.0.2",
      "rollup": "^2.70.1",
      "rollup-plugin-babel": "^4.4.0",
      "rollup-plugin-clear": "^2.0.7",
      "rollup-plugin-less": "^1.1.3",
      "rollup-plugin-less-modules": "^0.1.11",
      "rollup-plugin-styles": "^4.0.0",
      "rollup-plugin-typescript2": "^0.31.2",
      "typescript": "^4.6.3",
     
    },
    "sideEffects": [
      "dist/*",
      "es/**/style/*",
      "lib/**/style/*",
      "*.less"
    ]
  }

yarn manifest: 
  No manifest

Lockfile: 
  No lockfile
